2024-04-11 18:42:07,573 +0530 [main] INFO  (TC_AddNewCustomer_003.java:45) - validation is started....
2024-04-11 18:44:17,608 +0530 [main] INFO  (TC_AddNewCustomer_003.java:45) - validation is started....
2024-04-11 18:46:56,104 +0530 [main] INFO  (TC_AddNewCustomer_003.java:45) - validation is started....
2024-04-11 18:46:56,148 +0530 [main] INFO  (TC_AddNewCustomer_003.java:52) - test case is passed....
2024-04-11 18:57:43,338 +0530 [main] INFO  (TC_AddNewCustomer_003.java:45) - Add new customer page validation is started....
2024-04-11 19:01:39,103 +0530 [main] INFO  (TC_LoginTest_001.java:23) - entered username
2024-04-11 19:01:39,156 +0530 [main] INFO  (TC_LoginTest_001.java:26) - entered password
2024-04-11 19:01:40,115 +0530 [main] INFO  (TC_LoginTest_001.java:29) - click on login btn
2024-04-11 19:01:40,162 +0530 [main] INFO  (TC_LoginTest_001.java:39) - login test passed
2024-04-11 19:01:45,925 +0530 [main] INFO  (TC_LoginDDT_002.java:22) - username provided
2024-04-11 19:01:46,002 +0530 [main] INFO  (TC_LoginDDT_002.java:24) - password provided
2024-04-11 19:01:47,676 +0530 [main] INFO  (TC_LoginDDT_002.java:26) - click on login button
2024-04-11 19:01:50,700 +0530 [main] INFO  (TC_LoginDDT_002.java:42) - login pass
2024-04-11 19:02:01,853 +0530 [main] INFO  (TC_LoginDDT_002.java:22) - username provided
2024-04-11 19:02:01,961 +0530 [main] INFO  (TC_LoginDDT_002.java:24) - password provided
2024-04-11 19:02:02,392 +0530 [main] INFO  (TC_LoginDDT_002.java:26) - click on login button
2024-04-11 19:02:09,847 +0530 [main] INFO  (TC_LoginDDT_002.java:22) - username provided
2024-04-11 19:02:09,896 +0530 [main] INFO  (TC_LoginDDT_002.java:24) - password provided
2024-04-11 19:02:10,263 +0530 [main] INFO  (TC_LoginDDT_002.java:26) - click on login button
2024-04-11 19:02:19,337 +0530 [main] INFO  (TC_LoginDDT_002.java:22) - username provided
2024-04-11 19:02:19,382 +0530 [main] INFO  (TC_LoginDDT_002.java:24) - password provided
2024-04-11 19:02:19,762 +0530 [main] INFO  (TC_LoginDDT_002.java:26) - click on login button
2024-04-11 19:02:42,049 +0530 [main] INFO  (TC_AddNewCustomer_003.java:45) - Add new customer page validation is started....
2024-04-11 19:02:42,068 +0530 [main] INFO  (TC_AddNewCustomer_003.java:52) - Add new customer test case is passed....
2024-04-11 19:05:10,500 +0530 [main] INFO  (TC_LoginDDT_002.java:22) - username provided
2024-04-11 19:05:10,565 +0530 [main] INFO  (TC_LoginDDT_002.java:24) - password provided
2024-04-11 19:05:10,954 +0530 [main] INFO  (TC_LoginDDT_002.java:26) - click on login button
2024-04-11 19:05:18,215 +0530 [main] INFO  (TC_LoginDDT_002.java:22) - username provided
2024-04-11 19:05:18,274 +0530 [main] INFO  (TC_LoginDDT_002.java:24) - password provided
2024-04-11 19:05:18,641 +0530 [main] INFO  (TC_LoginDDT_002.java:26) - click on login button
2024-04-11 19:05:26,002 +0530 [main] INFO  (TC_LoginDDT_002.java:22) - username provided
2024-04-11 19:05:26,050 +0530 [main] INFO  (TC_LoginDDT_002.java:24) - password provided
2024-04-11 19:05:26,476 +0530 [main] INFO  (TC_LoginDDT_002.java:26) - click on login button
2024-04-11 19:08:15,034 +0530 [main] INFO  (TC_AddNewCustomer_003.java:45) - Add new customer page validation is started....
2024-04-11 19:08:15,056 +0530 [main] INFO  (TC_AddNewCustomer_003.java:52) - Add new customer test case is passed....
2024-04-14 11:38:05,183 +0530 [main] INFO  (TC_AddNewCustomer_003.java:45) - Add new customer page validation is started....
2024-04-14 11:38:05,226 +0530 [main] INFO  (TC_AddNewCustomer_003.java:52) - Add new customer test case is passed....
2024-04-20 11:22:05,636 +0530 [main] INFO  (TC_AddNewCustomer_003.java:45) - Add new customer page validation is started....
2024-04-20 11:22:05,660 +0530 [main] INFO  (TC_AddNewCustomer_003.java:52) - Add new customer test case is passed....
